2021-10-07 10:30:56 [http-nio-8080-exec-1] ERROR com.example.shopapp.service.ProductServiceImpl - com.example.shopapp.exception.DaoException: an error occurred while trying to find all products
2021-10-07 10:30:56 [http-nio-8080-exec-1] ERROR com.example.shopapp.command.FindAllProductsCommand - com.example.shopapp.exception.ServiceException: an error occurred while trying to find all product
2021-10-07 10:30:56 [http-nio-8080-exec-1] ERROR com.example.shopapp.FrontController - com.example.shopapp.exception.CommandException: an error occurred while trying to open page with products
2021-10-07 10:30:56 [http-nio-8080-exec-2] ERROR com.example.shopapp.service.ProductServiceImpl - com.example.shopapp.exception.DaoException: an error occurred while trying to find all products
2021-10-07 10:30:56 [http-nio-8080-exec-2] ERROR com.example.shopapp.command.FindAllProductsCommand - com.example.shopapp.exception.ServiceException: an error occurred while trying to find all product
2021-10-07 10:30:56 [http-nio-8080-exec-2] ERROR com.example.shopapp.FrontController - com.example.shopapp.exception.CommandException: an error occurred while trying to open page with products
2021-10-07 10:30:57 [http-nio-8080-exec-3] ERROR com.example.shopapp.service.ProductServiceImpl - com.example.shopapp.exception.DaoException: an error occurred while trying to find all products
2021-10-07 10:30:57 [http-nio-8080-exec-3] ERROR com.example.shopapp.command.FindAllProductsCommand - com.example.shopapp.exception.ServiceException: an error occurred while trying to find all product
2021-10-07 10:30:57 [http-nio-8080-exec-3] ERROR com.example.shopapp.FrontController - com.example.shopapp.exception.CommandException: an error occurred while trying to open page with products
2021-10-07 10:33:49 [http-nio-8080-exec-1] INFO  com.example.shopapp.command.RegistrationCommand - an error occurred during registration
com.example.shopapp.exception.ServiceException: 1
	at com.example.shopapp.service.UserServiceImpl.add(UserServiceImpl.java:83) ~[classes/:?]
	at com.example.shopapp.command.RegistrationCommand.execute(RegistrationCommand.java:35) [classes/:?]
	at com.example.shopapp.FrontController.handleRequest(FrontController.java:39) [classes/:?]
	at com.example.shopapp.FrontController.doPost(FrontController.java:29) [classes/:?]
	at javax.servlet.http.HttpServlet.service(HttpServlet.java:681) [servlet-api.jar:4.0.FR]
	at javax.servlet.http.HttpServlet.service(HttpServlet.java:764) [servlet-api.jar:4.0.FR]
	at org.apache.catalina.core.ApplicationFilterChain.internalDoFilter(ApplicationFilterChain.java:227) [catalina.jar:9.0.52]
	at org.apache.catalina.core.ApplicationFilterChain.doFilter(ApplicationFilterChain.java:162) [catalina.jar:9.0.52]
	at org.apache.tomcat.websocket.server.WsFilter.doFilter(WsFilter.java:53) [tomcat-websocket.jar:9.0.52]
	at org.apache.catalina.core.ApplicationFilterChain.internalDoFilter(ApplicationFilterChain.java:189) [catalina.jar:9.0.52]
	at org.apache.catalina.core.ApplicationFilterChain.doFilter(ApplicationFilterChain.java:162) [catalina.jar:9.0.52]
	at com.example.shopapp.filter.RoleFilter.doFilter(RoleFilter.java:46) [classes/:?]
	at org.apache.catalina.core.ApplicationFilterChain.internalDoFilter(ApplicationFilterChain.java:189) [catalina.jar:9.0.52]
	at org.apache.catalina.core.ApplicationFilterChain.doFilter(ApplicationFilterChain.java:162) [catalina.jar:9.0.52]
	at com.example.shopapp.filter.EncodingFilter.doFilter(EncodingFilter.java:20) [classes/:?]
	at org.apache.catalina.core.ApplicationFilterChain.internalDoFilter(ApplicationFilterChain.java:189) [catalina.jar:9.0.52]
	at org.apache.catalina.core.ApplicationFilterChain.doFilter(ApplicationFilterChain.java:162) [catalina.jar:9.0.52]
	at org.apache.catalina.core.StandardWrapperValve.invoke(StandardWrapperValve.java:197) [catalina.jar:9.0.52]
	at org.apache.catalina.core.StandardContextValve.invoke(StandardContextValve.java:97) [catalina.jar:9.0.52]
	at org.apache.catalina.authenticator.AuthenticatorBase.invoke(AuthenticatorBase.java:542) [catalina.jar:9.0.52]
	at org.apache.catalina.core.StandardHostValve.invoke(StandardHostValve.java:135) [catalina.jar:9.0.52]
	at org.apache.catalina.valves.ErrorReportValve.invoke(ErrorReportValve.java:92) [catalina.jar:9.0.52]
	at org.apache.catalina.valves.AbstractAccessLogValve.invoke(AbstractAccessLogValve.java:687) [catalina.jar:9.0.52]
	at org.apache.catalina.core.StandardEngineValve.invoke(StandardEngineValve.java:78) [catalina.jar:9.0.52]
	at org.apache.catalina.connector.CoyoteAdapter.service(CoyoteAdapter.java:357) [catalina.jar:9.0.52]
	at org.apache.coyote.http11.Http11Processor.service(Http11Processor.java:382) [tomcat-coyote.jar:9.0.52]
	at org.apache.coyote.AbstractProcessorLight.process(AbstractProcessorLight.java:65) [tomcat-coyote.jar:9.0.52]
	at org.apache.coyote.AbstractProtocol$ConnectionHandler.process(AbstractProtocol.java:893) [tomcat-coyote.jar:9.0.52]
	at org.apache.tomcat.util.net.NioEndpoint$SocketProcessor.doRun(NioEndpoint.java:1726) [tomcat-coyote.jar:9.0.52]
	at org.apache.tomcat.util.net.SocketProcessorBase.run(SocketProcessorBase.java:49) [tomcat-coyote.jar:9.0.52]
	at org.apache.tomcat.util.threads.ThreadPoolExecutor.runWorker(ThreadPoolExecutor.java:1191) [tomcat-util.jar:9.0.52]
	at org.apache.tomcat.util.threads.ThreadPoolExecutor$Worker.run(ThreadPoolExecutor.java:659) [tomcat-util.jar:9.0.52]
	at org.apache.tomcat.util.threads.TaskThread$WrappingRunnable.run(TaskThread.java:61) [tomcat-util.jar:9.0.52]
	at java.lang.Thread.run(Thread.java:748) [?:1.8.0_291]
2021-10-07 11:21:47 [http-nio-8080-exec-2] ERROR com.example.shopapp.filter.RoleFilter - Role null has no access to command logout
2021-10-07 11:22:16 [http-nio-8080-exec-5] ERROR com.example.shopapp.filter.RoleFilter - Role null has no access to command logout
2021-10-07 11:22:17 [http-nio-8080-exec-7] ERROR com.example.shopapp.filter.RoleFilter - Role null has no access to command logout
2021-10-07 11:22:19 [http-nio-8080-exec-9] ERROR com.example.shopapp.filter.RoleFilter - Role null has no access to command logout
